<?xml version="1.0" encoding="UTF-8"?>
<testng-results skipped="0" failed="0" ignored="0" total="3" passed="3">
  <reporter-output>
  </reporter-output>
  <suite name="Default suite" duration-ms="380702" started-at="2020-01-23T06:01:15Z" finished-at="2020-01-23T06:07:35Z">
    <groups>
    </groups>
    <test name="Default test" duration-ms="380702" started-at="2020-01-23T06:01:15Z" finished-at="2020-01-23T06:07:35Z">
      <class name="DriverScript.Ssclassification">
        <test-method status="PASS" signature="dbPIMSupersession()[pri:0, instance:DriverScript.Ssclassification@72f926e6]" name="dbPIMSupersession" duration-ms="5306" started-at="2020-01-23T06:01:15Z" finished-at="2020-01-23T06:01:20Z">
          <reporter-output>
          </reporter-output>
        </test-method> <!-- dbPIMSupersession -->
        <test-method status="PASS" signature="dbExtSupersession()[pri:1, instance:DriverScript.Ssclassification@72f926e6]" name="dbExtSupersession" duration-ms="6426" started-at="2020-01-23T06:01:20Z" finished-at="2020-01-23T06:01:27Z">
          <reporter-output>
          </reporter-output>
        </test-method> <!-- dbExtSupersession -->
        <test-method status="PASS" signature="dbSKU()[pri:2, instance:DriverScript.Ssclassification@72f926e6]" name="dbSKU" duration-ms="353152" started-at="2020-01-23T06:01:27Z" finished-at="2020-01-23T06:07:20Z">
          <reporter-output>
          </reporter-output>
        </test-method> <!-- dbSKU -->
      </class> <!-- DriverScript.Ssclassification -->
    </test> <!-- Default test -->
  </suite> <!-- Default suite -->
</testng-results>
